<?xml version="1.0" encoding="UTF-8"?>
<coverage generated="1587648338777" clover="3.2.0">
  <project timestamp="1587648338777" name="All files">
    <metrics statements="37" coveredstatements="32" conditionals="35" coveredconditionals="24" methods="7" coveredmethods="7" elements="79" coveredelements="63" complexity="0" loc="37" ncloc="37" packages="2" files="2" classes="2"/>
    <package name="js-jest">
      <metrics statements="4" coveredstatements="4" conditionals="0" coveredconditionals="0" methods="0" coveredmethods="0"/>
      <file name="Types.js" path="/Users/nimasoufiani/workspace/education/makers/course/week10/techtests/GildedRose/js-jest/Types.js">
        <metrics statements="4" coveredstatements="4" conditionals="0" coveredconditionals="0" methods="0" coveredmethods="0"/>
        <line num="1" count="1" type="stmt"/>
        <line num="2" count="1" type="stmt"/>
        <line num="3" count="1" type="stmt"/>
        <line num="5" count="1" type="stmt"/>
      </file>
    </package>
    <package name="js-jest.src">
      <metrics statements="33" coveredstatements="28" conditionals="35" coveredconditionals="24" methods="7" coveredmethods="7"/>
      <file name="gilded_rose.js" path="/Users/nimasoufiani/workspace/education/makers/course/week10/techtests/GildedRose/js-jest/src/gilded_rose.js">
        <metrics statements="33" coveredstatements="28" conditionals="35" coveredconditionals="24" methods="7" coveredmethods="7"/>
        <line num="1" count="1" type="stmt"/>
        <line num="5" count="6" type="stmt"/>
        <line num="6" count="6" type="stmt"/>
        <line num="7" count="6" type="stmt"/>
        <line num="13" count="6" type="stmt"/>
        <line num="16" count="6" type="stmt"/>
        <line num="17" count="6" type="cond" truecount="2" falsecount="0"/>
        <line num="21" count="3" type="stmt"/>
        <line num="22" count="3" type="cond" truecount="1" falsecount="1"/>
        <line num="23" count="3" type="stmt"/>
        <line num="24" count="3" type="stmt"/>
        <line num="26" count="6" type="stmt"/>
        <line num="27" count="6" type="cond" truecount="2" falsecount="0"/>
        <line num="28" count="1" type="cond" truecount="1" falsecount="1"/>
        <line num="29" count="1" type="cond" truecount="1" falsecount="1"/>
        <line num="30" count="1" type="cond" truecount="1" falsecount="1"/>
        <line num="31" count="0" type="cond" truecount="0" falsecount="2"/>
        <line num="32" count="0" type="stmt"/>
        <line num="36" count="0" type="stmt"/>
        <line num="40" count="0" type="cond" truecount="0" falsecount="2"/>
        <line num="41" count="0" type="stmt"/>
        <line num="47" count="6" type="stmt"/>
        <line num="51" count="3" type="cond" truecount="4" falsecount="0"/>
        <line num="52" count="1" type="stmt"/>
        <line num="57" count="3" type="cond" truecount="3" falsecount="1"/>
        <line num="58" count="3" type="cond" truecount="4" falsecount="0"/>
        <line num="59" count="1" type="stmt"/>
        <line num="60" count="2" type="cond" truecount="1" falsecount="1"/>
        <line num="61" count="2" type="stmt"/>
        <line num="67" count="3" type="stmt"/>
        <line num="71" count="6" type="cond" truecount="2" falsecount="0"/>
        <line num="72" count="5" type="stmt"/>
        <line num="77" count="1" type="stmt"/>
      </file>
    </package>
  </project>
</coverage>
