{"/Users/nimasoufiani/workspace/education/makers/course/week10/techtests/GildedRose/js-jest/Types.js": {"path":"/Users/nimasoufiani/workspace/education/makers/course/week10/techtests/GildedRose/js-jest/Types.js","statementMap":{"0":{"start":{"line":1,"column":23},"end":{"line":1,"column":66}},"1":{"start":{"line":2,"column":18},"end":{"line":2,"column":29}},"2":{"start":{"line":4,"column":0},"end":{"line":7,"column":2}}},"fnMap":{},"branchMap":{},"s":{"0":1,"1":1,"2":1},"f":{},"b":{},"_coverageSchema":"43e27e138ebf9cfc5966b082cf9a028302ed4184","hash":"50ebf93cf005b444a7baafd65a74776d26269383"}
,"/Users/nimasoufiani/workspace/education/makers/course/week10/techtests/GildedRose/js-jest/src/gilded_rose.js": {"path":"/Users/nimasoufiani/workspace/education/makers/course/week10/techtests/GildedRose/js-jest/src/gilded_rose.js","statementMap":{"0":{"start":{"line":1,"column":38},"end":{"line":1,"column":57}},"1":{"start":{"line":5,"column":4},"end":{"line":5,"column":21}},"2":{"start":{"line":6,"column":4},"end":{"line":6,"column":25}},"3":{"start":{"line":7,"column":4},"end":{"line":7,"column":27}},"4":{"start":{"line":13,"column":4},"end":{"line":13,"column":23}},"5":{"start":{"line":16,"column":4},"end":{"line":47,"column":5}},"6":{"start":{"line":16,"column":17},"end":{"line":16,"column":18}},"7":{"start":{"line":17,"column":6},"end":{"line":25,"column":7}},"8":{"start":{"line":21,"column":8},"end":{"line":21,"column":56}},"9":{"start":{"line":22,"column":13},"end":{"line":25,"column":7}},"10":{"start":{"line":23,"column":8},"end":{"line":23,"column":50}},"11":{"start":{"line":24,"column":8},"end":{"line":24,"column":59}},"12":{"start":{"line":26,"column":6},"end":{"line":28,"column":7}},"13":{"start":{"line":27,"column":8},"end":{"line":27,"column":56}},"14":{"start":{"line":29,"column":6},"end":{"line":46,"column":7}},"15":{"start":{"line":30,"column":8},"end":{"line":45,"column":9}},"16":{"start":{"line":31,"column":10},"end":{"line":40,"column":11}},"17":{"start":{"line":32,"column":12},"end":{"line":36,"column":13}},"18":{"start":{"line":33,"column":14},"end":{"line":35,"column":15}},"19":{"start":{"line":34,"column":16},"end":{"line":34,"column":66}},"20":{"start":{"line":38,"column":12},"end":{"line":39,"column":60}},"21":{"start":{"line":42,"column":10},"end":{"line":44,"column":11}},"22":{"start":{"line":43,"column":12},"end":{"line":43,"column":62}},"23":{"start":{"line":49,"column":4},"end":{"line":49,"column":22}},"24":{"start":{"line":53,"column":4},"end":{"line":55,"column":5}},"25":{"start":{"line":54,"column":6},"end":{"line":54,"column":24}},"26":{"start":{"line":59,"column":4},"end":{"line":65,"column":5}},"27":{"start":{"line":60,"column":6},"end":{"line":64,"column":7}},"28":{"start":{"line":61,"column":8},"end":{"line":61,"column":26}},"29":{"start":{"line":62,"column":13},"end":{"line":64,"column":7}},"30":{"start":{"line":63,"column":8},"end":{"line":63,"column":26}},"31":{"start":{"line":69,"column":4},"end":{"line":69,"column":22}},"32":{"start":{"line":73,"column":0},"end":{"line":76,"column":2}}},"fnMap":{"0":{"name":"(anonymous_0)","decl":{"start":{"line":4,"column":2},"end":{"line":4,"column":3}},"loc":{"start":{"line":4,"column":37},"end":{"line":8,"column":3}},"line":4},"1":{"name":"(anonymous_1)","decl":{"start":{"line":12,"column":2},"end":{"line":12,"column":3}},"loc":{"start":{"line":12,"column":26},"end":{"line":14,"column":3}},"line":12},"2":{"name":"(anonymous_2)","decl":{"start":{"line":15,"column":2},"end":{"line":15,"column":3}},"loc":{"start":{"line":15,"column":18},"end":{"line":50,"column":3}},"line":15},"3":{"name":"(anonymous_3)","decl":{"start":{"line":52,"column":2},"end":{"line":52,"column":3}},"loc":{"start":{"line":52,"column":36},"end":{"line":56,"column":3}},"line":52},"4":{"name":"(anonymous_4)","decl":{"start":{"line":58,"column":2},"end":{"line":58,"column":3}},"loc":{"start":{"line":58,"column":39},"end":{"line":66,"column":3}},"line":58},"5":{"name":"(anonymous_5)","decl":{"start":{"line":68,"column":2},"end":{"line":68,"column":3}},"loc":{"start":{"line":68,"column":30},"end":{"line":70,"column":3}},"line":68}},"branchMap":{"0":{"loc":{"start":{"line":12,"column":14},"end":{"line":12,"column":24}},"type":"default-arg","locations":[{"start":{"line":12,"column":22},"end":{"line":12,"column":24}}],"line":12},"1":{"loc":{"start":{"line":17,"column":6},"end":{"line":25,"column":7}},"type":"if","locations":[{"start":{"line":17,"column":6},"end":{"line":25,"column":7}},{"start":{"line":17,"column":6},"end":{"line":25,"column":7}}],"line":17},"2":{"loc":{"start":{"line":18,"column":8},"end":{"line":19,"column":44}},"type":"binary-expr","locations":[{"start":{"line":18,"column":8},"end":{"line":18,"column":39}},{"start":{"line":19,"column":8},"end":{"line":19,"column":44}}],"line":18},"3":{"loc":{"start":{"line":22,"column":13},"end":{"line":25,"column":7}},"type":"if","locations":[{"start":{"line":22,"column":13},"end":{"line":25,"column":7}},{"start":{"line":22,"column":13},"end":{"line":25,"column":7}}],"line":22},"4":{"loc":{"start":{"line":26,"column":6},"end":{"line":28,"column":7}},"type":"if","locations":[{"start":{"line":26,"column":6},"end":{"line":28,"column":7}},{"start":{"line":26,"column":6},"end":{"line":28,"column":7}}],"line":26},"5":{"loc":{"start":{"line":29,"column":6},"end":{"line":46,"column":7}},"type":"if","locations":[{"start":{"line":29,"column":6},"end":{"line":46,"column":7}},{"start":{"line":29,"column":6},"end":{"line":46,"column":7}}],"line":29},"6":{"loc":{"start":{"line":30,"column":8},"end":{"line":45,"column":9}},"type":"if","locations":[{"start":{"line":30,"column":8},"end":{"line":45,"column":9}},{"start":{"line":30,"column":8},"end":{"line":45,"column":9}}],"line":30},"7":{"loc":{"start":{"line":31,"column":10},"end":{"line":40,"column":11}},"type":"if","locations":[{"start":{"line":31,"column":10},"end":{"line":40,"column":11}},{"start":{"line":31,"column":10},"end":{"line":40,"column":11}}],"line":31},"8":{"loc":{"start":{"line":32,"column":12},"end":{"line":36,"column":13}},"type":"if","locations":[{"start":{"line":32,"column":12},"end":{"line":36,"column":13}},{"start":{"line":32,"column":12},"end":{"line":36,"column":13}}],"line":32},"9":{"loc":{"start":{"line":33,"column":14},"end":{"line":35,"column":15}},"type":"if","locations":[{"start":{"line":33,"column":14},"end":{"line":35,"column":15}},{"start":{"line":33,"column":14},"end":{"line":35,"column":15}}],"line":33},"10":{"loc":{"start":{"line":42,"column":10},"end":{"line":44,"column":11}},"type":"if","locations":[{"start":{"line":42,"column":10},"end":{"line":44,"column":11}},{"start":{"line":42,"column":10},"end":{"line":44,"column":11}}],"line":42},"11":{"loc":{"start":{"line":53,"column":4},"end":{"line":55,"column":5}},"type":"if","locations":[{"start":{"line":53,"column":4},"end":{"line":55,"column":5}},{"start":{"line":53,"column":4},"end":{"line":55,"column":5}}],"line":53},"12":{"loc":{"start":{"line":53,"column":8},"end":{"line":53,"column":69}},"type":"binary-expr","locations":[{"start":{"line":53,"column":8},"end":{"line":53,"column":24}},{"start":{"line":53,"column":28},"end":{"line":53,"column":69}}],"line":53},"13":{"loc":{"start":{"line":59,"column":4},"end":{"line":65,"column":5}},"type":"if","locations":[{"start":{"line":59,"column":4},"end":{"line":65,"column":5}},{"start":{"line":59,"column":4},"end":{"line":65,"column":5}}],"line":59},"14":{"loc":{"start":{"line":59,"column":8},"end":{"line":59,"column":56}},"type":"binary-expr","locations":[{"start":{"line":59,"column":8},"end":{"line":59,"column":35}},{"start":{"line":59,"column":39},"end":{"line":59,"column":56}}],"line":59},"15":{"loc":{"start":{"line":60,"column":6},"end":{"line":64,"column":7}},"type":"if","locations":[{"start":{"line":60,"column":6},"end":{"line":64,"column":7}},{"start":{"line":60,"column":6},"end":{"line":64,"column":7}}],"line":60},"16":{"loc":{"start":{"line":60,"column":10},"end":{"line":60,"column":46}},"type":"binary-expr","locations":[{"start":{"line":60,"column":10},"end":{"line":60,"column":26}},{"start":{"line":60,"column":30},"end":{"line":60,"column":46}}],"line":60},"17":{"loc":{"start":{"line":62,"column":13},"end":{"line":64,"column":7}},"type":"if","locations":[{"start":{"line":62,"column":13},"end":{"line":64,"column":7}},{"start":{"line":62,"column":13},"end":{"line":64,"column":7}}],"line":62}},"s":{"0":1,"1":4,"2":4,"3":4,"4":4,"5":4,"6":4,"7":4,"8":2,"9":2,"10":2,"11":2,"12":4,"13":4,"14":4,"15":1,"16":1,"17":1,"18":0,"19":0,"20":0,"21":0,"22":0,"23":4,"24":2,"25":1,"26":2,"27":2,"28":1,"29":1,"30":1,"31":2,"32":1},"f":{"0":4,"1":4,"2":4,"3":2,"4":2,"5":2},"b":{"0":[0],"1":[2,2],"2":[4,4],"3":[2,0],"4":[4,0],"5":[1,3],"6":[1,0],"7":[1,0],"8":[0,1],"9":[0,0],"10":[0,0],"11":[1,1],"12":[2,1],"13":[2,0],"14":[2,2],"15":[1,1],"16":[2,1],"17":[1,0]},"_coverageSchema":"43e27e138ebf9cfc5966b082cf9a028302ed4184","hash":"32254a2e521f0055ec6ff02426d8407f6b609f02"}
}
