{"/Users/nimasoufiani/workspace/education/makers/course/week10/techtests/GildedRose/js-jest/Types.js": {"path":"/Users/nimasoufiani/workspace/education/makers/course/week10/techtests/GildedRose/js-jest/Types.js","statementMap":{"0":{"start":{"line":1,"column":23},"end":{"line":1,"column":66}},"1":{"start":{"line":2,"column":18},"end":{"line":2,"column":29}},"2":{"start":{"line":3,"column":17},"end":{"line":3,"column":45}},"3":{"start":{"line":5,"column":0},"end":{"line":9,"column":2}}},"fnMap":{},"branchMap":{},"s":{"0":1,"1":1,"2":1,"3":1},"f":{},"b":{},"_coverageSchema":"43e27e138ebf9cfc5966b082cf9a028302ed4184","hash":"c55696d9f270be53b3067d388bf3d93af1558652"}
,"/Users/nimasoufiani/workspace/education/makers/course/week10/techtests/GildedRose/js-jest/src/gilded_rose.js": {"path":"/Users/nimasoufiani/workspace/education/makers/course/week10/techtests/GildedRose/js-jest/src/gilded_rose.js","statementMap":{"0":{"start":{"line":1,"column":48},"end":{"line":1,"column":67}},"1":{"start":{"line":5,"column":4},"end":{"line":5,"column":21}},"2":{"start":{"line":6,"column":4},"end":{"line":6,"column":25}},"3":{"start":{"line":7,"column":4},"end":{"line":7,"column":27}},"4":{"start":{"line":13,"column":4},"end":{"line":13,"column":23}},"5":{"start":{"line":16,"column":4},"end":{"line":45,"column":5}},"6":{"start":{"line":16,"column":17},"end":{"line":16,"column":18}},"7":{"start":{"line":17,"column":6},"end":{"line":25,"column":7}},"8":{"start":{"line":21,"column":8},"end":{"line":21,"column":56}},"9":{"start":{"line":22,"column":13},"end":{"line":25,"column":7}},"10":{"start":{"line":23,"column":8},"end":{"line":23,"column":50}},"11":{"start":{"line":24,"column":8},"end":{"line":24,"column":59}},"12":{"start":{"line":26,"column":6},"end":{"line":26,"column":46}},"13":{"start":{"line":27,"column":6},"end":{"line":44,"column":7}},"14":{"start":{"line":28,"column":8},"end":{"line":43,"column":9}},"15":{"start":{"line":29,"column":10},"end":{"line":38,"column":11}},"16":{"start":{"line":30,"column":12},"end":{"line":34,"column":13}},"17":{"start":{"line":31,"column":14},"end":{"line":33,"column":15}},"18":{"start":{"line":32,"column":16},"end":{"line":32,"column":66}},"19":{"start":{"line":36,"column":12},"end":{"line":37,"column":60}},"20":{"start":{"line":40,"column":10},"end":{"line":42,"column":11}},"21":{"start":{"line":41,"column":12},"end":{"line":41,"column":62}},"22":{"start":{"line":47,"column":4},"end":{"line":47,"column":22}},"23":{"start":{"line":51,"column":4},"end":{"line":53,"column":5}},"24":{"start":{"line":52,"column":6},"end":{"line":52,"column":24}},"25":{"start":{"line":57,"column":4},"end":{"line":63,"column":5}},"26":{"start":{"line":58,"column":6},"end":{"line":62,"column":7}},"27":{"start":{"line":59,"column":8},"end":{"line":59,"column":26}},"28":{"start":{"line":60,"column":13},"end":{"line":62,"column":7}},"29":{"start":{"line":61,"column":8},"end":{"line":61,"column":26}},"30":{"start":{"line":67,"column":4},"end":{"line":67,"column":22}},"31":{"start":{"line":71,"column":4},"end":{"line":73,"column":5}},"32":{"start":{"line":72,"column":6},"end":{"line":72,"column":23}},"33":{"start":{"line":77,"column":0},"end":{"line":80,"column":2}}},"fnMap":{"0":{"name":"(anonymous_0)","decl":{"start":{"line":4,"column":2},"end":{"line":4,"column":3}},"loc":{"start":{"line":4,"column":37},"end":{"line":8,"column":3}},"line":4},"1":{"name":"(anonymous_1)","decl":{"start":{"line":12,"column":2},"end":{"line":12,"column":3}},"loc":{"start":{"line":12,"column":26},"end":{"line":14,"column":3}},"line":12},"2":{"name":"(anonymous_2)","decl":{"start":{"line":15,"column":2},"end":{"line":15,"column":3}},"loc":{"start":{"line":15,"column":18},"end":{"line":48,"column":3}},"line":15},"3":{"name":"(anonymous_3)","decl":{"start":{"line":50,"column":2},"end":{"line":50,"column":3}},"loc":{"start":{"line":50,"column":36},"end":{"line":54,"column":3}},"line":50},"4":{"name":"(anonymous_4)","decl":{"start":{"line":56,"column":2},"end":{"line":56,"column":3}},"loc":{"start":{"line":56,"column":39},"end":{"line":64,"column":3}},"line":56},"5":{"name":"(anonymous_5)","decl":{"start":{"line":66,"column":2},"end":{"line":66,"column":3}},"loc":{"start":{"line":66,"column":30},"end":{"line":68,"column":3}},"line":66},"6":{"name":"(anonymous_6)","decl":{"start":{"line":70,"column":2},"end":{"line":70,"column":3}},"loc":{"start":{"line":70,"column":28},"end":{"line":74,"column":3}},"line":70}},"branchMap":{"0":{"loc":{"start":{"line":12,"column":14},"end":{"line":12,"column":24}},"type":"default-arg","locations":[{"start":{"line":12,"column":22},"end":{"line":12,"column":24}}],"line":12},"1":{"loc":{"start":{"line":17,"column":6},"end":{"line":25,"column":7}},"type":"if","locations":[{"start":{"line":17,"column":6},"end":{"line":25,"column":7}},{"start":{"line":17,"column":6},"end":{"line":25,"column":7}}],"line":17},"2":{"loc":{"start":{"line":18,"column":8},"end":{"line":19,"column":44}},"type":"binary-expr","locations":[{"start":{"line":18,"column":8},"end":{"line":18,"column":39}},{"start":{"line":19,"column":8},"end":{"line":19,"column":44}}],"line":18},"3":{"loc":{"start":{"line":22,"column":13},"end":{"line":25,"column":7}},"type":"if","locations":[{"start":{"line":22,"column":13},"end":{"line":25,"column":7}},{"start":{"line":22,"column":13},"end":{"line":25,"column":7}}],"line":22},"4":{"loc":{"start":{"line":27,"column":6},"end":{"line":44,"column":7}},"type":"if","locations":[{"start":{"line":27,"column":6},"end":{"line":44,"column":7}},{"start":{"line":27,"column":6},"end":{"line":44,"column":7}}],"line":27},"5":{"loc":{"start":{"line":28,"column":8},"end":{"line":43,"column":9}},"type":"if","locations":[{"start":{"line":28,"column":8},"end":{"line":43,"column":9}},{"start":{"line":28,"column":8},"end":{"line":43,"column":9}}],"line":28},"6":{"loc":{"start":{"line":29,"column":10},"end":{"line":38,"column":11}},"type":"if","locations":[{"start":{"line":29,"column":10},"end":{"line":38,"column":11}},{"start":{"line":29,"column":10},"end":{"line":38,"column":11}}],"line":29},"7":{"loc":{"start":{"line":30,"column":12},"end":{"line":34,"column":13}},"type":"if","locations":[{"start":{"line":30,"column":12},"end":{"line":34,"column":13}},{"start":{"line":30,"column":12},"end":{"line":34,"column":13}}],"line":30},"8":{"loc":{"start":{"line":31,"column":14},"end":{"line":33,"column":15}},"type":"if","locations":[{"start":{"line":31,"column":14},"end":{"line":33,"column":15}},{"start":{"line":31,"column":14},"end":{"line":33,"column":15}}],"line":31},"9":{"loc":{"start":{"line":40,"column":10},"end":{"line":42,"column":11}},"type":"if","locations":[{"start":{"line":40,"column":10},"end":{"line":42,"column":11}},{"start":{"line":40,"column":10},"end":{"line":42,"column":11}}],"line":40},"10":{"loc":{"start":{"line":51,"column":4},"end":{"line":53,"column":5}},"type":"if","locations":[{"start":{"line":51,"column":4},"end":{"line":53,"column":5}},{"start":{"line":51,"column":4},"end":{"line":53,"column":5}}],"line":51},"11":{"loc":{"start":{"line":51,"column":8},"end":{"line":51,"column":49}},"type":"binary-expr","locations":[{"start":{"line":51,"column":8},"end":{"line":51,"column":24}},{"start":{"line":51,"column":28},"end":{"line":51,"column":49}}],"line":51},"12":{"loc":{"start":{"line":57,"column":4},"end":{"line":63,"column":5}},"type":"if","locations":[{"start":{"line":57,"column":4},"end":{"line":63,"column":5}},{"start":{"line":57,"column":4},"end":{"line":63,"column":5}}],"line":57},"13":{"loc":{"start":{"line":57,"column":8},"end":{"line":57,"column":56}},"type":"binary-expr","locations":[{"start":{"line":57,"column":8},"end":{"line":57,"column":35}},{"start":{"line":57,"column":39},"end":{"line":57,"column":56}}],"line":57},"14":{"loc":{"start":{"line":58,"column":6},"end":{"line":62,"column":7}},"type":"if","locations":[{"start":{"line":58,"column":6},"end":{"line":62,"column":7}},{"start":{"line":58,"column":6},"end":{"line":62,"column":7}}],"line":58},"15":{"loc":{"start":{"line":58,"column":10},"end":{"line":58,"column":46}},"type":"binary-expr","locations":[{"start":{"line":58,"column":10},"end":{"line":58,"column":26}},{"start":{"line":58,"column":30},"end":{"line":58,"column":46}}],"line":58},"16":{"loc":{"start":{"line":60,"column":13},"end":{"line":62,"column":7}},"type":"if","locations":[{"start":{"line":60,"column":13},"end":{"line":62,"column":7}},{"start":{"line":60,"column":13},"end":{"line":62,"column":7}}],"line":60},"17":{"loc":{"start":{"line":71,"column":4},"end":{"line":73,"column":5}},"type":"if","locations":[{"start":{"line":71,"column":4},"end":{"line":73,"column":5}},{"start":{"line":71,"column":4},"end":{"line":73,"column":5}}],"line":71}},"s":{"0":1,"1":6,"2":6,"3":6,"4":6,"5":6,"6":6,"7":6,"8":3,"9":3,"10":3,"11":3,"12":6,"13":6,"14":1,"15":1,"16":1,"17":0,"18":0,"19":0,"20":0,"21":0,"22":6,"23":3,"24":1,"25":3,"26":3,"27":1,"28":2,"29":2,"30":3,"31":6,"32":5,"33":1},"f":{"0":6,"1":6,"2":6,"3":3,"4":3,"5":3,"6":6},"b":{"0":[0],"1":[3,3],"2":[6,6],"3":[3,0],"4":[1,5],"5":[1,0],"6":[1,0],"7":[0,1],"8":[0,0],"9":[0,0],"10":[1,2],"11":[3,2],"12":[3,0],"13":[3,3],"14":[1,2],"15":[3,1],"16":[2,0],"17":[5,1]},"_coverageSchema":"43e27e138ebf9cfc5966b082cf9a028302ed4184","hash":"626744fa1fc0bbe01fb49e66d506605db608108f"}
}
