TN:
SF:/Users/nimasoufiani/workspace/education/makers/course/week10/techtests/GildedRose/js-jest/Types.js
FNF:0
FNH:0
DA:1,1
DA:2,1
DA:3,1
DA:5,1
LF:4
LH:4
BRF:0
BRH:0
end_of_record
TN:
SF:/Users/nimasoufiani/workspace/education/makers/course/week10/techtests/GildedRose/js-jest/src/gilded_rose.js
FN:4,(anonymous_0)
FN:12,(anonymous_1)
FN:15,(anonymous_2)
FN:50,(anonymous_3)
FN:56,(anonymous_4)
FN:66,(anonymous_5)
FN:70,(anonymous_6)
FNF:7
FNH:7
FNDA:6,(anonymous_0)
FNDA:6,(anonymous_1)
FNDA:6,(anonymous_2)
FNDA:3,(anonymous_3)
FNDA:3,(anonymous_4)
FNDA:3,(anonymous_5)
FNDA:6,(anonymous_6)
DA:1,1
DA:5,6
DA:6,6
DA:7,6
DA:13,6
DA:16,6
DA:17,6
DA:21,3
DA:22,3
DA:23,3
DA:24,3
DA:26,6
DA:27,6
DA:28,1
DA:29,1
DA:30,1
DA:31,0
DA:32,0
DA:36,0
DA:40,0
DA:41,0
DA:47,6
DA:51,3
DA:52,1
DA:57,3
DA:58,3
DA:59,1
DA:60,2
DA:61,2
DA:67,3
DA:71,6
DA:72,5
DA:77,1
LF:33
LH:28
BRDA:12,0,0,0
BRDA:17,1,0,3
BRDA:17,1,1,3
BRDA:18,2,0,6
BRDA:18,2,1,6
BRDA:22,3,0,3
BRDA:22,3,1,0
BRDA:27,4,0,1
BRDA:27,4,1,5
BRDA:28,5,0,1
BRDA:28,5,1,0
BRDA:29,6,0,1
BRDA:29,6,1,0
BRDA:30,7,0,0
BRDA:30,7,1,1
BRDA:31,8,0,0
BRDA:31,8,1,0
BRDA:40,9,0,0
BRDA:40,9,1,0
BRDA:51,10,0,1
BRDA:51,10,1,2
BRDA:51,11,0,3
BRDA:51,11,1,2
BRDA:57,12,0,3
BRDA:57,12,1,0
BRDA:57,13,0,3
BRDA:57,13,1,3
BRDA:58,14,0,1
BRDA:58,14,1,2
BRDA:58,15,0,3
BRDA:58,15,1,1
BRDA:60,16,0,2
BRDA:60,16,1,0
BRDA:71,17,0,5
BRDA:71,17,1,1
BRF:35
BRH:24
end_of_record
