TN:
SF:/Users/nimasoufiani/workspace/education/makers/course/week10/techtests/GildedRose/js-jest/Types.js
FNF:0
FNH:0
DA:1,1
DA:2,1
DA:3,1
DA:5,1
LF:4
LH:4
BRF:0
BRH:0
end_of_record
TN:
SF:/Users/nimasoufiani/workspace/education/makers/course/week10/techtests/GildedRose/js-jest/src/gilded_rose.js
FN:4,(anonymous_0)
FN:12,(anonymous_1)
FN:15,(anonymous_2)
FN:52,(anonymous_3)
FN:58,(anonymous_4)
FN:68,(anonymous_5)
FN:72,(anonymous_6)
FN:77,(anonymous_7)
FNF:8
FNH:8
FNDA:10,(anonymous_0)
FNDA:10,(anonymous_1)
FNDA:10,(anonymous_2)
FNDA:5,(anonymous_3)
FNDA:5,(anonymous_4)
FNDA:5,(anonymous_5)
FNDA:10,(anonymous_6)
FNDA:1,(anonymous_7)
DA:1,1
DA:5,10
DA:6,10
DA:7,10
DA:13,10
DA:16,10
DA:17,10
DA:21,5
DA:22,5
DA:23,5
DA:24,5
DA:26,10
DA:27,10
DA:28,5
DA:32,3
DA:33,1
DA:35,2
DA:38,2
DA:39,1
DA:41,1
DA:42,1
DA:49,10
DA:53,5
DA:54,3
DA:59,5
DA:60,4
DA:61,1
DA:62,3
DA:63,3
DA:69,5
DA:73,10
DA:74,9
DA:78,1
DA:79,1
DA:84,1
LF:35
LH:35
BRDA:12,0,0,0
BRDA:17,1,0,5
BRDA:17,1,1,5
BRDA:18,2,0,10
BRDA:18,2,1,9
BRDA:22,3,0,5
BRDA:22,3,1,0
BRDA:27,4,0,5
BRDA:27,4,1,5
BRDA:28,5,0,3
BRDA:28,5,1,2
BRDA:29,6,0,5
BRDA:29,6,1,4
BRDA:32,7,0,1
BRDA:32,7,1,2
BRDA:38,8,0,1
BRDA:38,8,1,1
BRDA:41,9,0,1
BRDA:41,9,1,0
BRDA:53,10,0,3
BRDA:53,10,1,2
BRDA:53,11,0,5
BRDA:53,11,1,4
BRDA:59,12,0,4
BRDA:59,12,1,1
BRDA:59,13,0,5
BRDA:59,13,1,4
BRDA:60,14,0,1
BRDA:60,14,1,3
BRDA:60,15,0,4
BRDA:60,15,1,1
BRDA:62,16,0,3
BRDA:62,16,1,0
BRDA:73,17,0,9
BRDA:73,17,1,1
BRDA:78,18,0,1
BRDA:78,18,1,0
BRF:37
BRH:32
end_of_record
